<?xml version="1.0" encoding="UTF-8"?>
<TestRun id="2835b60c-1d3a-44b2-8ba7-1e0a34d6db51" name="wyl@WYL-PC 2020-08-03 23:54:09" runUser="wyl-PC\wyl" xmlns="http://microsoft.com/schemas/VisualStudio/TeamTest/2010">
  <TestSettings name="本地" id="4b0522a0-5fb1-430d-be0a-c245420a1f16">
    <Description>这些设置为本地测试运行的默认测试设置。</Description>
    <Deployment enabled="false" runDeploymentRoot="wyl_WYL-PC 2020-08-03 23_54_09">
      <DeploymentItem filename="D:\企业系统\霍尔茨售后\LionvIDal\bin\Debug\LionvIDal.dll" />
      <DeploymentItem filename="D:\企业系统\霍尔茨售后\LionvCommon\bin\Debug\LionvCommon.dll" />
      <DeploymentItem filename="D:\企业系统\霍尔茨售后\LionvSqlServerDal\bin\Debug\LionvSqlServerDal.dll" />
      <DeploymentItem filename="D:\企业系统\霍尔茨售后\ViewModel\bin\Debug\ViewModel.dll" />
      <DeploymentItem filename="D:\企业系统\霍尔茨售后\LionvModel\bin\Debug\LionvModel.dll" />
      <DeploymentItem filename="D:\企业系统\霍尔茨售后\LionvCommonDal\bin\Debug\LionvCommonDal.dll" />
    </Deployment>
    <Execution>
      <TestTypeSpecific />
      <AgentRule name="Execution Agents">
      </AgentRule>
    </Execution>
  </TestSettings>
  <Times creation="2020-08-03T23:54:09.6243422+08:00" queuing="2020-08-03T23:54:09.6533439+08:00" start="2020-08-03T23:54:09.6643445+08:00" finish="2020-08-03T23:54:10.1733737+08:00" />
  <ResultSummary outcome="Inconclusive">
    <Counters total="1" executed="1" error="0" failed="0" timeout="0" aborted="0" inconclusive="1" passedButRunAborted="0" notRunnable="0" notExecuted="0" disconnected="0" warning="0" passed="0" completed="0" inProgress="0" pending="0" />
  </ResultSummary>
  <TestDefinitions>
    <UnitTest name="GetOrderNumTest" storage="d:\企业系统\霍尔茨售后\testproject2\bin\debug\testproject2.dll" id="1e3a4382-7b3d-7a4f-8282-9ae893b1c4bd">
      <Execution id="10d5e06f-56f5-448b-aa9d-130a94e4bcfe" />
      <TestMethod codeBase="D:/企业系统/霍尔茨售后/TestProject2/bin/Debug/TestProject2.DLL" adapterTypeName="Microsoft.VisualStudio.TestTools.TestTypes.Unit.UnitTestAdapter, Microsoft.VisualStudio.QualityTools.Tips.UnitTest.Adapter, Version=10.0.0.0, Culture=neutral, PublicKeyToken=b03f5f7f11d50a3a" className="TestProject2.B_AfterReModifyOrderDalTest, TestProject2, Version=1.0.0.0, Culture=neutral, PublicKeyToken=null" name="GetOrderNumTest" />
    </UnitTest>
  </TestDefinitions>
  <TestLists>
    <TestList name="列表中未列出的结果" id="8c84fa94-04c1-424b-9868-57a2d4851a1d" />
    <TestList name="所有已加载的结果" id="19431567-8539-422a-85d7-44ee4e166bda" />
  </TestLists>
  <TestEntries>
    <TestEntry testId="1e3a4382-7b3d-7a4f-8282-9ae893b1c4bd" executionId="10d5e06f-56f5-448b-aa9d-130a94e4bcfe" testListId="8c84fa94-04c1-424b-9868-57a2d4851a1d" />
  </TestEntries>
  <Results>
    <UnitTestResult executionId="10d5e06f-56f5-448b-aa9d-130a94e4bcfe" testId="1e3a4382-7b3d-7a4f-8282-9ae893b1c4bd" testName="GetOrderNumTest" computerName="WYL-PC" duration="00:00:00.3092585" startTime="2020-08-03T23:54:09.6703449+08:00" endTime="2020-08-03T23:54:10.1543726+08:00" testType="13cdc9d9-ddb5-4fa4-a97d-d965ccfc6d4b" outcome="Inconclusive" testListId="8c84fa94-04c1-424b-9868-57a2d4851a1d" relativeResultsDirectory="10d5e06f-56f5-448b-aa9d-130a94e4bcfe">
      <Output>
        <ErrorInfo>
          <Message>Assert.Inconclusive 失败。验证此测试方法的正确性。</Message>
          <StackTrace>   在 TestProject2.B_AfterReModifyOrderDalTest.GetOrderNumTest() 位置 D:\企业系统\霍尔茨售后\TestProject2\B_AfterReModifyOrderDalTest.cs:行号 79
</StackTrace>
        </ErrorInfo>
      </Output>
    </UnitTestResult>
  </Results>
</TestRun>